2025-03-09 19:05:00 | WARN | repo=pv243-javaee-7 | action=commit
2025-07-24 15:14:00 | INFO | repo=pv243-javaee-7 | action=commit
2025-04-24 20:59:00 | DEBUG | repo=pv243-javaee-7 | action=commit
2025-05-06 18:00:00 | INFO | repo=pv243-javaee-7 | action=pull
2025-01-05 15:55:00 | INFO | repo=pv243-javaee-7 | action=commit
2025-08-14 13:08:00 | WARN | repo=pv243-javaee-7 | action=pull
2025-03-28 09:23:00 | INFO | repo=pv243-javaee-7 | action=commit
2025-08-22 13:50:00 | DEBUG | repo=pv243-javaee-7 | action=edit | files=3
2025-03-08 14:41:00 | INFO | repo=pv243-javaee-7 | action=edit | files=5
2025-01-02 11:01:00 | INFO | repo=pv243-javaee-7 | action=test | passed=true
2025-08-09 18:31:00 | DEBUG | repo=pv243-javaee-7 | action=commit
2025-09-12 09:04:00 | WARN | repo=pv243-javaee-7 | action=test | passed=true
2025-06-19 12:47:00 | WARN | repo=pv243-javaee-7 | action=edit | files=2
2025-06-14 18:01:00 | DEBUG | repo=pv243-javaee-7 | action=commit
2025-05-25 21:14:00 | WARN | repo=pv243-javaee-7 | action=edit | files=1
2025-08-21 07:04:00 | WARN | repo=pv243-javaee-7 | action=edit | files=2
2025-05-14 11:13:00 | WARN | repo=pv243-javaee-7 | action=commit
2025-03-26 21:27:00 | DEBUG | repo=pv243-javaee-7 | action=pull
2025-12-23 11:10:00 | WARN | repo=pv243-javaee-7 | action=test | passed=true
2025-10-24 07:20:00 | INFO | repo=pv243-javaee-7 | action=pull
2025-01-04 19:22:00 | WARN | repo=pv243-javaee-7 | action=commit
2025-02-18 10:10:00 | INFO | repo=pv243-javaee-7 | action=commit
2025-05-19 07:56:00 | DEBUG | repo=pv243-javaee-7 | action=test | passed=true
2025-05-15 18:01:00 | INFO | repo=pv243-javaee-7 | action=commit
2025-08-04 13:32:00 | INFO | repo=pv243-javaee-7 | action=edit | files=5
2025-05-06 10:38:00 | INFO | repo=pv243-javaee-7 | action=edit | files=5
2025-04-22 15:32:00 | DEBUG | repo=pv243-javaee-7 | action=pull
2025-04-06 15:09:00 | INFO | repo=pv243-javaee-7 | action=commit
2025-04-16 13:14:00 | WARN | repo=pv243-javaee-7 | action=commit
2025-12-05 21:32:00 | DEBUG | repo=pv243-javaee-7 | action=edit | files=4
2025-08-18 16:27:00 | DEBUG | repo=pv243-javaee-7 | action=test | passed=true
2025-09-11 09:16:00 | DEBUG | repo=pv243-javaee-7 | action=test | passed=true
2025-07-24 18:30:00 | INFO | repo=pv243-javaee-7 | action=edit | files=5
2025-10-19 11:32:00 | DEBUG | repo=pv243-javaee-7 | action=commit
2025-03-13 09:31:00 | WARN | repo=pv243-javaee-7 | action=edit | files=2
2025-04-05 18:18:00 | INFO | repo=pv243-javaee-7 | action=pull
2025-07-14 14:28:00 | INFO | repo=pv243-javaee-7 | action=pull
2025-06-09 09:49:00 | DEBUG | repo=pv243-javaee-7 | action=commit
2025-09-02 08:34:00 | DEBUG | repo=pv243-javaee-7 | action=pull
2025-02-15 19:30:00 | DEBUG | repo=pv243-javaee-7 | action=test | passed=true
2025-03-20 21:59:00 | DEBUG | repo=pv243-javaee-7 | action=commit
2025-03-28 09:04:00 | INFO | repo=pv243-javaee-7 | action=pull
2025-05-24 16:16:00 | INFO | repo=pv243-javaee-7 | action=commit
2025-06-01 15:37:00 | INFO | repo=pv243-javaee-7 | action=edit | files=2
2025-03-22 20:50:00 | WARN | repo=pv243-javaee-7 | action=edit | files=4
2025-02-20 08:24:00 | DEBUG | repo=pv243-javaee-7 | action=pull
2025-02-06 12:31:00 | WARN | repo=pv243-javaee-7 | action=pull
2025-12-01 08:55:00 | DEBUG | repo=pv243-javaee-7 | action=pull
2025-06-19 18:44:00 | INFO | repo=pv243-javaee-7 | action=edit | files=2
2025-11-02 09:51:00 | WARN | repo=pv243-javaee-7 | action=pull
2025-01-15 14:10:00 | INFO | repo=pv243-javaee-7 | action=commit
